<?xml version="1.0" encoding="UTF-8"?>
<robot generator="Robot 7.4.2 (Python 3.14.5 on win32)" generated="2026-07-12T21:32:28.055106" rpa="false" schemaversion="5">
<suite id="s1" name="Login" source="D:\Projetos\Automacao-Desktop\tests\Login.robot">
<test id="s1-t1" name="Realizar Login Com Sucesso" line="6">
<kw name="Efetuar Login Completo" owner="LoginPage">
<kw name="Abrir Sistema" owner="Base">
<kw name="Start Process" owner="Process">
<msg time="2026-07-12T21:32:32.709068" level="INFO">Starting process:
C:\ATX_122_R01\AtxExec.exe</msg>
<arg>${APP}</arg>
<doc>Starts a new process on background.</doc>
<status status="PASS" start="2026-07-12T21:32:32.708723" elapsed="0.015984"/>
</kw>
<status status="PASS" start="2026-07-12T21:32:32.708039" elapsed="0.016815"/>
</kw>
<kw name="Clicar Em Continuar Servidor" owner="LoginPage">
<kw name="Clicar Na Imagem" owner="Mouse">
<kw name="Click" owner="SikuliLibrary">
<msg time="2026-07-12T21:32:36.079251" level="INFO" html="true">&lt;img src='sikuli_captured/sikuliximage-1783902755330.png'/&gt;
[log] CLICK on L[984,639]@S(0) (564 msec)</msg>
<arg>${imagem}</arg>
<doc>Click</doc>
<status status="PASS" start="2026-07-12T21:32:32.725757" elapsed="3.353598"/>
</kw>
<arg>${IMAGENS_LOGIN}/continuar-sel-servidor.png</arg>
<doc>Clica em um elemento identificado por imagem</doc>
<status status="PASS" start="2026-07-12T21:32:32.725423" elapsed="3.354031"/>
</kw>
<status status="PASS" start="2026-07-12T21:32:32.725074" elapsed="3.354450"/>
</kw>
<kw name="Fazer Login" owner="LoginPage">
<kw name="Aguardar Imagem Aparecer" owner="Wait">
<kw name="Wait Until Screen Contain" owner="SikuliLibrary">
<msg time="2026-07-12T21:32:48.628988" level="INFO" html="true">&lt;img src='sikuli_captured/sikuliximage-1783902768625.png'/&gt;</msg>
<arg>${imagem}</arg>
<arg>${timeout}</arg>
<doc>Wait until screen contain
 Wait until image shown in screen</doc>
<status status="PASS" start="2026-07-12T21:32:36.080563" elapsed="12.548496"/>
</kw>
<arg>${IMAGENS_LOGIN}/campo-usuario.png</arg>
<arg>30</arg>
<doc>Espera uma imagem aparecer na tela, com timeout configurável</doc>
<status status="PASS" start="2026-07-12T21:32:36.080060" elapsed="12.549085"/>
</kw>
<kw name="Digitar No Campo" owner="Keyboard">
<kw name="Input Text" owner="SikuliLibrary">
<msg time="2026-07-12T21:32:49.666962" level="INFO">Input Text:
a</msg>
<msg time="2026-07-12T21:32:49.666975" level="INFO" html="true">&lt;img src='sikuli_captured/sikuliximage-1783902768808.png'/&gt;
[log] CLICK on L[800,587]@S(0) (563 msec)
[log]  TYPE "a"</msg>
<arg>${imagem}</arg>
<arg>${valor}</arg>
<doc>Input text.
 Image could be empty</doc>
<status status="PASS" start="2026-07-12T21:32:48.629691" elapsed="1.037387"/>
</kw>
<arg>${IMAGENS_LOGIN}/campo-usuario.png</arg>
<arg>${usuario}</arg>
<doc>Clica na imagem do campo e digita o valor</doc>
<status status="PASS" start="2026-07-12T21:32:48.629322" elapsed="1.037825"/>
</kw>
<kw name="Pressionar Tecla" owner="Keyboard">
<kw name="Enviar Teclas" owner="Controle">
<kw name="Set Variable" owner="BuiltIn">
<msg time="2026-07-12T21:32:49.668301" level="INFO">${cmd} = powershell -NoProfile -Command "$p = Get-Process -Name AtxExec | Where-Object { $_.MainWindowHandle -ne 0 -and $_.MainWindowTitle -notmatch 'Configuração' } | Sort-Object StartTime -Descending | Selec...</msg>
<var>${cmd}</var>
<arg>powershell -NoProfile -Command "$p = Get-Process -Name AtxExec | Where-Object { $_.MainWindowHandle -ne 0 -and $_.MainWindowTitle -notmatch 'Configuração' } | Sort-Object StartTime -Descending | Select-Object -First 1; $ws = New-Object -ComObject WScript.Shell; $ws.AppActivate($p.Id); Start-Sleep -Milliseconds 500; $ws.SendKeys('${teclas}')"</arg>
<doc>Returns the given values which can then be assigned to a variables.</doc>
<status status="PASS" start="2026-07-12T21:32:49.667853" elapsed="0.000487"/>
</kw>
<kw name="Run Process" owner="Process">
<msg time="2026-07-12T21:32:49.668819" level="INFO">Starting process:
powershell -NoProfile -Command "$p = Get-Process -Name AtxExec | Where-Object { $_.MainWindowHandle -ne 0 -and $_.MainWindowTitle -notmatch 'Configuração' } | Sort-Object StartTime -Descending | Select-Object -First 1; $ws = New-Object -ComObject WScript.Shell; $ws.AppActivate($p.Id); Start-Sleep -Milliseconds 500; $ws.SendKeys('{TAB}')"</msg>
<msg time="2026-07-12T21:32:49.989271" level="INFO">Waiting for process to complete.</msg>
<msg time="2026-07-12T21:32:51.987704" level="INFO">Process completed.</msg>
<arg>${cmd}</arg>
<arg>shell=True</arg>
<doc>Runs a process and waits for it to complete.</doc>
<status status="PASS" start="2026-07-12T21:32:49.668527" elapsed="2.319260"/>
</kw>
<arg>${tecla}</arg>
<status status="PASS" start="2026-07-12T21:32:49.667609" elapsed="2.320255"/>
</kw>
<arg>{TAB}</arg>
<status status="PASS" start="2026-07-12T21:32:49.667321" elapsed="2.320587"/>
</kw>
<kw name="Digitar No Campo" owner="Keyboard">
<kw name="Input Text" owner="SikuliLibrary">
<msg time="2026-07-12T21:32:53.671562" level="INFO">Input Text:
a</msg>
<msg time="2026-07-12T21:32:53.671575" level="INFO" html="true">&lt;img src='sikuli_captured/sikuliximage-1783902772846.png'/&gt;
[log] CLICK on L[799,625]@S(0) (555 msec)
[log]  TYPE "a"</msg>
<arg>${imagem}</arg>
<arg>${valor}</arg>
<doc>Input text.
 Image could be empty</doc>
<status status="PASS" start="2026-07-12T21:32:51.988378" elapsed="1.683283"/>
</kw>
<arg>${IMAGENS_LOGIN}/campo-senha.png</arg>
<arg>${senha}</arg>
<doc>Clica na imagem do campo e digita o valor</doc>
<status status="PASS" start="2026-07-12T21:32:51.988057" elapsed="1.683682"/>
</kw>
<kw name="Clicar Na Imagem" owner="Mouse">
<kw name="Click" owner="SikuliLibrary">
<msg time="2026-07-12T21:32:54.595126" level="INFO" html="true">&lt;img src='sikuli_captured/sikuliximage-1783902773866.png'/&gt;
[log] CLICK on L[799,665]@S(0) (564 msec)</msg>
<arg>${imagem}</arg>
<doc>Click</doc>
<status status="PASS" start="2026-07-12T21:32:53.672177" elapsed="0.923016"/>
</kw>
<arg>${IMAGENS_LOGIN}/botao-entrar.png</arg>
<doc>Clica em um elemento identificado por imagem</doc>
<status status="PASS" start="2026-07-12T21:32:53.671898" elapsed="0.923359"/>
</kw>
<arg>${usuario}</arg>
<arg>${senha}</arg>
<status status="PASS" start="2026-07-12T21:32:36.079750" elapsed="18.515551"/>
</kw>
<kw name="Selecionar Turno" owner="LoginPage">
<kw name="Aguardar Imagem Aparecer" owner="Wait">
<kw name="Wait Until Screen Contain" owner="SikuliLibrary">
<msg time="2026-07-12T21:32:55.501057" level="INFO" html="true">&lt;img src='sikuli_captured/sikuliximage-1783902775498.png'/&gt;</msg>
<arg>${imagem}</arg>
<arg>${timeout}</arg>
<doc>Wait until screen contain
 Wait until image shown in screen</doc>
<status status="PASS" start="2026-07-12T21:32:54.595973" elapsed="0.905147"/>
</kw>
<arg>${IMAGENS_LOGIN}/botao-selecionar.png</arg>
<arg>30</arg>
<doc>Espera uma imagem aparecer na tela, com timeout configurável</doc>
<status status="PASS" start="2026-07-12T21:32:54.595690" elapsed="0.905496"/>
</kw>
<kw name="Clicar Na Imagem" owner="Mouse">
<kw name="Click" owner="SikuliLibrary">
<msg time="2026-07-12T21:32:56.431121" level="INFO" html="true">&lt;img src='sikuli_captured/sikuliximage-1783902775698.png'/&gt;
[log] CLICK on L[1092,532]@S(0) (570 msec)</msg>
<arg>${imagem}</arg>
<doc>Click</doc>
<status status="PASS" start="2026-07-12T21:32:55.501617" elapsed="0.929611"/>
</kw>
<arg>${IMAGENS_LOGIN}/botao-selecionar.png</arg>
<doc>Clica em um elemento identificado por imagem</doc>
<status status="PASS" start="2026-07-12T21:32:55.501343" elapsed="0.929974"/>
</kw>
<kw name="Clicar Na Imagem" owner="Mouse">
<kw name="Click" owner="SikuliLibrary">
<msg time="2026-07-12T21:32:57.678087" level="INFO" html="true">&lt;img src='sikuli_captured/sikuliximage-1783902776949.png'/&gt;
[log] CLICK on L[952,552]@S(0) (560 msec)</msg>
<arg>${imagem}</arg>
<doc>Click</doc>
<status status="PASS" start="2026-07-12T21:32:56.431780" elapsed="1.246374"/>
</kw>
<arg>${IMAGENS_LOGIN}/ok.png</arg>
<doc>Clica em um elemento identificado por imagem</doc>
<status status="PASS" start="2026-07-12T21:32:56.431506" elapsed="1.246715"/>
</kw>
<kw name="Aguardar Imagem Aparecer" owner="Wait">
<kw name="Wait Until Screen Contain" owner="SikuliLibrary">
<msg time="2026-07-12T21:32:58.241809" level="INFO" html="true">&lt;img src='sikuli_captured/sikuliximage-1783902778237.png'/&gt;</msg>
<arg>${imagem}</arg>
<arg>${timeout}</arg>
<doc>Wait until screen contain
 Wait until image shown in screen</doc>
<status status="PASS" start="2026-07-12T21:32:57.678708" elapsed="0.563260"/>
</kw>
<arg>${IMAGENS_LOGIN}/mensagem-ok.png</arg>
<arg>30</arg>
<doc>Espera uma imagem aparecer na tela, com timeout configurável</doc>
<status status="PASS" start="2026-07-12T21:32:57.678402" elapsed="0.563732"/>
</kw>
<kw name="Clicar Na Imagem" owner="Mouse">
<kw name="Click" owner="SikuliLibrary">
<msg time="2026-07-12T21:32:59.200118" level="INFO" html="true">&lt;img src='sikuli_captured/sikuliximage-1783902778455.png'/&gt;
[log] CLICK on L[1047,599]@S(0) (557 msec)</msg>
<arg>${imagem}</arg>
<doc>Click</doc>
<status status="PASS" start="2026-07-12T21:32:58.242879" elapsed="0.957309"/>
</kw>
<arg>${IMAGENS_LOGIN}/mensagem-ok.png</arg>
<doc>Clica em um elemento identificado por imagem</doc>
<status status="PASS" start="2026-07-12T21:32:58.242488" elapsed="0.957779"/>
</kw>
<status status="PASS" start="2026-07-12T21:32:54.595456" elapsed="4.604863"/>
</kw>
<arg>${USUARIO}</arg>
<arg>${SENHA}</arg>
<doc>Fluxo completo: abrir sistema + login + selecionar turno</doc>
<status status="PASS" start="2026-07-12T21:32:32.706429" elapsed="26.493945"/>
</kw>
<doc>Garante que o login e a seleção de turno funcionam</doc>
<status status="PASS" start="2026-07-12T21:32:32.705530" elapsed="26.495092"/>
</test>
<doc>Testes de acesso ao sistema</doc>
<status status="PASS" start="2026-07-12T21:32:28.056592" elapsed="31.144635"/>
</suite>
<statistics>
<total>
<stat pass="1" fail="0" skip="0">All Tests</stat>
</total>
<tag>
</tag>
<suite>
<stat name="Login" id="s1" pass="1" fail="0" skip="0">Login</stat>
</suite>
</statistics>
<errors>
</errors>
</robot>
